# JRE version: OpenJDK Runtime Environment (21.0.9) (build 21.0.9+-14649483-b1163.86)
# Java VM: OpenJDK 64-Bit Server VM (21.0.9+-14649483-b1163.86, mixed mode, tiered, compressed oops, compressed class ptrs, g1 gc, windows-amd64)
GC Precious Log:
 CardTable entry size: 512
 Card Set container configuration: InlinePtr #cards 5 size 8 Array Of Cards #cards 12 size 40 Howl #buckets 4 coarsen threshold 1843 Howl Bitmap #cards 512 size 80 coarsen threshold 460 Card regions per heap region 1 cards per card region 2048
 CPUs: 8 total, 8 available
 Memory: 6090M
 Large Page Support: Disabled
 NUMA Support: Disabled
 Compressed Oops: Enabled (32-bit)
 Heap Region Size: 1M
 Heap Min Capacity: 8M
 Heap Initial Capacity: 96M
 Heap Max Capacity: 2G
 Pre-touch: Disabled
 Parallel Workers: 8
 Concurrent Workers: 2
 Concurrent Refinement Workers: 8
 Periodic GC: Disabled
Heap:
 garbage-first heap   total 435200K, used 222852K [0x0000000080000000, 0x0000000100000000)
  region size 1024K, 66 young (67584K), 16 survivors (16384K)
 Metaspace       used 170898K, committed 172992K, reserved 1245184K
  class space    used 22195K, committed 23232K, reserved 1048576K
GC Heap History (20 events):
Event: 71.252 GC heap before
{Heap before GC invocations=116 (full 0):
 garbage-first heap   total 407552K, used 380851K [0x0000000080000000, 0x0000000100000000)
  region size 1024K, 238 young (243712K), 13 survivors (13312K)
 Metaspace       used 89687K, committed 91520K, reserved 1179648K
  class space    used 12525K, committed 13376K, reserved 1048576K
}
Event: 71.265 GC heap after
{Heap after GC invocations=117 (full 0):
 garbage-first heap   total 407552K, used 152403K [0x0000000080000000, 0x0000000100000000)
  region size 1024K, 15 young (15360K), 15 survivors (15360K)
 Metaspace       used 89687K, committed 91520K, reserved 1179648K
  class space    used 12525K, committed 13376K, reserved 1048576K
}
Event: 74.868 GC heap before
{Heap before GC invocations=118 (full 0):
 garbage-first heap   total 407552K, used 376659K [0x0000000080000000, 0x0000000100000000)
  region size 1024K, 238 young (243712K), 15 survivors (15360K)
 Metaspace       used 110725K, committed 112512K, reserved 1179648K
  class space    used 14773K, committed 15616K, reserved 1048576K
}
Event: 74.909 GC heap after
{Heap after GC invocations=119 (full 0):
 garbage-first heap   total 410624K, used 166197K [0x0000000080000000, 0x0000000100000000)
  region size 1024K, 30 young (30720K), 30 survivors (30720K)
 Metaspace       used 110725K, committed 112512K, reserved 1179648K
  class space    used 14773K, committed 15616K, reserved 1048576K
}
Event: 79.139 GC heap before
{Heap before GC invocations=119 (full 0):
 garbage-first heap   total 410624K, used 377141K [0x0000000080000000, 0x0000000100000000)
  region size 1024K, 236 young (241664K), 30 survivors (30720K)
 Metaspace       used 133830K, committed 135680K, reserved 1179648K
  class space    used 17383K, committed 18240K, reserved 1048576K
}
Event: 79.247 GC heap after
{Heap after GC invocations=120 (full 0):
 garbage-first heap   total 435200K, used 185962K [0x0000000080000000, 0x0000000100000000)
  region size 1024K, 24 young (24576K), 24 survivors (24576K)
 Metaspace       used 133830K, committed 135680K, reserved 1179648K
  class space    used 17383K, committed 18240K, reserved 1048576K
}
Event: 84.189 GC heap before
{Heap before GC invocations=120 (full 0):
 garbage-first heap   total 435200K, used 303722K [0x0000000080000000, 0x0000000100000000)
  region size 1024K, 140 young (143360K), 24 survivors (24576K)
 Metaspace       used 150174K, committed 152128K, reserved 1245184K
  class space    used 19559K, committed 20480K, reserved 1048576K
}
Event: 84.223 GC heap after
{Heap after GC invocations=121 (full 0):
 garbage-first heap   total 435200K, used 193536K [0x0000000080000000, 0x0000000100000000)
  region size 1024K, 8 young (8192K), 8 survivors (8192K)
 Metaspace       used 150174K, committed 152128K, reserved 1245184K
  class space    used 19559K, committed 20480K, reserved 1048576K
}
Event: 85.154 GC heap before
{Heap before GC invocations=122 (full 0):
 garbage-first heap   total 435200K, used 381952K [0x0000000080000000, 0x0000000100000000)
  region size 1024K, 205 young (209920K), 8 survivors (8192K)
 Metaspace       used 150200K, committed 152128K, reserved 1245184K
  class space    used 19563K, committed 20480K, reserved 1048576K
}
Event: 85.168 GC heap after
{Heap after GC invocations=123 (full 0):
 garbage-first heap   total 435200K, used 181496K [0x0000000080000000, 0x0000000100000000)
  region size 1024K, 10 young (10240K), 10 survivors (10240K)
 Metaspace       used 150200K, committed 152128K, reserved 1245184K
  class space    used 19563K, committed 20480K, reserved 1048576K
}
Event: 85.833 GC heap before
{Heap before GC invocations=123 (full 0):
 garbage-first heap   total 435200K, used 398584K [0x0000000080000000, 0x0000000100000000)
  region size 1024K, 222 young (227328K), 10 survivors (10240K)
 Metaspace       used 150200K, committed 152128K, reserved 1245184K
  class space    used 19563K, committed 20480K, reserved 1048576K
}
Event: 85.844 GC heap after
{Heap after GC invocations=124 (full 0):
 garbage-first heap   total 435200K, used 180981K [0x0000000080000000, 0x0000000100000000)
  region size 1024K, 13 young (13312K), 13 survivors (13312K)
 Metaspace       used 150200K, committed 152128K, reserved 1245184K
  class space    used 19563K, committed 20480K, reserved 1048576K
}
Event: 86.670 GC heap before
{Heap before GC invocations=124 (full 0):
 garbage-first heap   total 435200K, used 402165K [0x0000000080000000, 0x0000000100000000)
  region size 1024K, 229 young (234496K), 13 survivors (13312K)
 Metaspace       used 150208K, committed 152128K, reserved 1245184K
  class space    used 19567K, committed 20480K, reserved 1048576K
}
Event: 86.676 GC heap after
{Heap after GC invocations=125 (full 0):
 garbage-first heap   total 435200K, used 168244K [0x0000000080000000, 0x0000000100000000)
  region size 1024K, 7 young (7168K), 7 survivors (7168K)
 Metaspace       used 150208K, committed 152128K, reserved 1245184K
  class space    used 19567K, committed 20480K, reserved 1048576K
}
Event: 87.270 GC heap before
{Heap before GC invocations=125 (full 0):
 garbage-first heap   total 435200K, used 271668K [0x0000000080000000, 0x0000000100000000)
  region size 1024K, 109 young (111616K), 7 survivors (7168K)
 Metaspace       used 150234K, committed 152128K, reserved 1245184K
  class space    used 19586K, committed 20480K, reserved 1048576K
}
Event: 87.276 GC heap after
{Heap after GC invocations=126 (full 0):
 garbage-first heap   total 435200K, used 167386K [0x0000000080000000, 0x0000000100000000)
  region size 1024K, 6 young (6144K), 6 survivors (6144K)
 Metaspace       used 150234K, committed 152128K, reserved 1245184K
  class space    used 19586K, committed 20480K, reserved 1048576K
}
Event: 90.409 GC heap before
{Heap before GC invocations=127 (full 0):
 garbage-first heap   total 435200K, used 420314K [0x0000000080000000, 0x0000000100000000)
  region size 1024K, 245 young (250880K), 6 survivors (6144K)
 Metaspace       used 157164K, committed 159168K, reserved 1245184K
  class space    used 20446K, committed 21376K, reserved 1048576K
}
Event: 90.437 GC heap after
{Heap after GC invocations=128 (full 0):
 garbage-first heap   total 435200K, used 169232K [0x0000000080000000, 0x0000000100000000)
  region size 1024K, 8 young (8192K), 8 survivors (8192K)
 Metaspace       used 157164K, committed 159168K, reserved 1245184K
  class space    used 20446K, committed 21376K, reserved 1048576K
}
Event: 95.823 GC heap before
{Heap before GC invocations=128 (full 0):
 garbage-first heap   total 435200K, used 411920K [0x0000000080000000, 0x0000000100000000)
  region size 1024K, 245 young (250880K), 8 survivors (8192K)
 Metaspace       used 170245K, committed 172352K, reserved 1245184K
  class space    used 22179K, committed 23168K, reserved 1048576K
}
Event: 95.856 GC heap after
{Heap after GC invocations=129 (full 0):
 garbage-first heap   total 435200K, used 172676K [0x0000000080000000, 0x0000000100000000)
  region size 1024K, 16 young (16384K), 16 survivors (16384K)
 Metaspace       used 170245K, committed 172352K, reserved 1245184K
  class space    used 22179K, committed 23168K, reserved 1048576K
}

