# JRE version: OpenJDK Runtime Environment (21.0.9) (build 21.0.9+-14649483-b1163.86)
# Java VM: OpenJDK 64-Bit Server VM (21.0.9+-14649483-b1163.86, mixed mode, emulated-client, tiered, compressed oops, compressed class ptrs, g1 gc, windows-amd64)
GC Precious Log:
 CardTable entry size: 512
 Card Set container configuration: InlinePtr #cards 4 size 8 Array Of Cards #cards 16 size 48 Howl #buckets 8 coarsen threshold 3686 Howl Bitmap #cards 512 size 80 coarsen threshold 460 Card regions per heap region 1 cards per card region 4096
 CPUs: 8 total, 8 available
 Memory: 6090M
 Large Page Support: Disabled
 NUMA Support: Disabled
 Compressed Oops: Enabled (Zero based)
 Heap Region Size: 2M
 Heap Min Capacity: 8M
 Heap Initial Capacity: 96M
 Heap Max Capacity: 4G
 Pre-touch: Disabled
 Parallel Workers: 8
 Concurrent Workers: 2
 Concurrent Refinement Workers: 8
 Periodic GC: Disabled
Heap:
 garbage-first heap   total 319488K, used 177588K [0x0000000700000000, 0x0000000800000000)
  region size 2048K, 2 young (4096K), 2 survivors (4096K)
 Metaspace       used 121789K, committed 124032K, reserved 1179648K
  class space    used 18893K, committed 19968K, reserved 1048576K
GC Heap History (20 events):
Event: 27.169 GC heap after
{Heap after GC invocations=53 (full 0):
 garbage-first heap   total 229376K, used 101395K [0x0000000700000000, 0x0000000800000000)
  region size 2048K, 5 young (10240K), 5 survivors (10240K)
 Metaspace       used 105767K, committed 107904K, reserved 1179648K
  class space    used 16083K, committed 17152K, reserved 1048576K
}
Event: 27.800 GC heap before
{Heap before GC invocations=53 (full 0):
 garbage-first heap   total 229376K, used 214035K [0x0000000700000000, 0x0000000800000000)
  region size 2048K, 60 young (122880K), 5 survivors (10240K)
 Metaspace       used 106079K, committed 108224K, reserved 1179648K
  class space    used 16134K, committed 17152K, reserved 1048576K
}
Event: 27.813 GC heap after
{Heap after GC invocations=54 (full 0):
 garbage-first heap   total 229376K, used 102262K [0x0000000700000000, 0x0000000800000000)
  region size 2048K, 5 young (10240K), 5 survivors (10240K)
 Metaspace       used 106079K, committed 108224K, reserved 1179648K
  class space    used 16134K, committed 17152K, reserved 1048576K
}
Event: 28.453 GC heap before
{Heap before GC invocations=54 (full 0):
 garbage-first heap   total 229376K, used 210806K [0x0000000700000000, 0x0000000800000000)
  region size 2048K, 59 young (120832K), 5 survivors (10240K)
 Metaspace       used 107358K, committed 109568K, reserved 1179648K
  class space    used 16334K, committed 17408K, reserved 1048576K
}
Event: 28.466 GC heap after
{Heap after GC invocations=55 (full 0):
 garbage-first heap   total 231424K, used 110163K [0x0000000700000000, 0x0000000800000000)
  region size 2048K, 8 young (16384K), 8 survivors (16384K)
 Metaspace       used 107358K, committed 109568K, reserved 1179648K
  class space    used 16334K, committed 17408K, reserved 1048576K
}
Event: 29.718 GC heap before
{Heap before GC invocations=56 (full 0):
 garbage-first heap   total 231424K, used 214611K [0x0000000700000000, 0x0000000800000000)
  region size 2048K, 60 young (122880K), 8 survivors (16384K)
 Metaspace       used 111160K, committed 113344K, reserved 1179648K
  class space    used 16941K, committed 17984K, reserved 1048576K
}
Event: 29.742 GC heap after
{Heap after GC invocations=57 (full 0):
 garbage-first heap   total 245760K, used 121489K [0x0000000700000000, 0x0000000800000000)
  region size 2048K, 8 young (16384K), 8 survivors (16384K)
 Metaspace       used 111160K, committed 113344K, reserved 1179648K
  class space    used 16941K, committed 17984K, reserved 1048576K
}
Event: 30.535 GC heap before
{Heap before GC invocations=57 (full 0):
 garbage-first heap   total 245760K, used 221841K [0x0000000700000000, 0x0000000800000000)
  region size 2048K, 58 young (118784K), 8 survivors (16384K)
 Metaspace       used 113839K, committed 116096K, reserved 1179648K
  class space    used 17404K, committed 18496K, reserved 1048576K
}
Event: 30.570 GC heap after
{Heap after GC invocations=58 (full 0):
 garbage-first heap   total 313344K, used 137605K [0x0000000700000000, 0x0000000800000000)
  region size 2048K, 8 young (16384K), 8 survivors (16384K)
 Metaspace       used 113839K, committed 116096K, reserved 1179648K
  class space    used 17404K, committed 18496K, reserved 1048576K
}
Event: 31.705 GC heap before
{Heap before GC invocations=58 (full 0):
 garbage-first heap   total 313344K, used 276869K [0x0000000700000000, 0x0000000800000000)
  region size 2048K, 77 young (157696K), 8 survivors (16384K)
 Metaspace       used 116913K, committed 119168K, reserved 1179648K
  class space    used 17900K, committed 19008K, reserved 1048576K
}
Event: 31.746 GC heap after
{Heap after GC invocations=59 (full 0):
 garbage-first heap   total 317440K, used 159744K [0x0000000700000000, 0x0000000800000000)
  region size 2048K, 10 young (20480K), 10 survivors (20480K)
 Metaspace       used 116913K, committed 119168K, reserved 1179648K
  class space    used 17900K, committed 19008K, reserved 1048576K
}
Event: 32.553 GC heap before
{Heap before GC invocations=59 (full 0):
 garbage-first heap   total 317440K, used 280576K [0x0000000700000000, 0x0000000800000000)
  region size 2048K, 69 young (141312K), 10 survivors (20480K)
 Metaspace       used 119330K, committed 121600K, reserved 1179648K
  class space    used 18301K, committed 19392K, reserved 1048576K
}
Event: 32.592 GC heap after
{Heap after GC invocations=60 (full 0):
 garbage-first heap   total 319488K, used 176686K [0x0000000700000000, 0x0000000800000000)
  region size 2048K, 8 young (16384K), 8 survivors (16384K)
 Metaspace       used 119330K, committed 121600K, reserved 1179648K
  class space    used 18301K, committed 19392K, reserved 1048576K
}
Event: 33.010 GC heap before
{Heap before GC invocations=60 (full 0):
 garbage-first heap   total 319488K, used 199214K [0x0000000700000000, 0x0000000800000000)
  region size 2048K, 20 young (40960K), 8 survivors (16384K)
 Metaspace       used 120959K, committed 123200K, reserved 1179648K
  class space    used 18663K, committed 19712K, reserved 1048576K
}
Event: 33.029 GC heap after
{Heap after GC invocations=61 (full 0):
 garbage-first heap   total 319488K, used 180330K [0x0000000700000000, 0x0000000800000000)
  region size 2048K, 2 young (4096K), 2 survivors (4096K)
 Metaspace       used 120959K, committed 123200K, reserved 1179648K
  class space    used 18663K, committed 19712K, reserved 1048576K
}
Event: 34.084 GC heap before
{Heap before GC invocations=62 (full 0):
 garbage-first heap   total 319488K, used 288874K [0x0000000700000000, 0x0000000800000000)
  region size 2048K, 55 young (112640K), 2 survivors (4096K)
 Metaspace       used 121592K, committed 123840K, reserved 1179648K
  class space    used 18842K, committed 19904K, reserved 1048576K
}
Event: 34.090 GC heap after
{Heap after GC invocations=63 (full 0):
 garbage-first heap   total 319488K, used 179136K [0x0000000700000000, 0x0000000800000000)
  region size 2048K, 1 young (2048K), 1 survivors (2048K)
 Metaspace       used 121592K, committed 123840K, reserved 1179648K
  class space    used 18842K, committed 19904K, reserved 1048576K
}
Event: 34.550 GC heap before
{Heap before GC invocations=63 (full 0):
 garbage-first heap   total 319488K, used 293824K [0x0000000700000000, 0x0000000800000000)
  region size 2048K, 57 young (116736K), 1 survivors (2048K)
 Metaspace       used 121691K, committed 123968K, reserved 1179648K
  class space    used 18868K, committed 19968K, reserved 1048576K
}
Event: 34.558 GC heap after
{Heap after GC invocations=64 (full 0):
 garbage-first heap   total 319488K, used 177714K [0x0000000700000000, 0x0000000800000000)
  region size 2048K, 2 young (4096K), 2 survivors (4096K)
 Metaspace       used 121691K, committed 123968K, reserved 1179648K
  class space    used 18868K, committed 19968K, reserved 1048576K
}
Event: 35.035 GC heap before
{Heap before GC invocations=64 (full 0):
 garbage-first heap   total 319488K, used 296498K [0x0000000700000000, 0x0000000800000000)
  region size 2048K, 60 young (122880K), 2 survivors (4096K)
 Metaspace       used 121789K, committed 124032K, reserved 1179648K
  class space    used 18893K, committed 19968K, reserved 1048576K
}

