# JRE version: OpenJDK Runtime Environment (21.0.9) (build 21.0.9+-14649483-b1163.86)
# Java VM: OpenJDK 64-Bit Server VM (21.0.9+-14649483-b1163.86, mixed mode, tiered, compressed oops, compressed class ptrs, g1 gc, windows-amd64)
GC Precious Log:
 CardTable entry size: 512
 Card Set container configuration: InlinePtr #cards 5 size 8 Array Of Cards #cards 12 size 40 Howl #buckets 4 coarsen threshold 1843 Howl Bitmap #cards 512 size 80 coarsen threshold 460 Card regions per heap region 1 cards per card region 2048
 CPUs: 8 total, 8 available
 Memory: 6090M
 Large Page Support: Disabled
 NUMA Support: Disabled
 Compressed Oops: Enabled (32-bit)
 Heap Region Size: 1M
 Heap Min Capacity: 8M
 Heap Initial Capacity: 96M
 Heap Max Capacity: 2G
 Pre-touch: Disabled
 Parallel Workers: 8
 Concurrent Workers: 2
 Concurrent Refinement Workers: 8
 Periodic GC: Disabled
Heap:
 garbage-first heap   total 345088K, used 326155K [0x0000000080000000, 0x0000000100000000)
  region size 1024K, 122 young (124928K), 4 survivors (4096K)
 Metaspace       used 131905K, committed 134144K, reserved 1179648K
  class space    used 18835K, committed 19904K, reserved 1048576K
GC Heap History (20 events):
Event: 51.645 GC heap before
{Heap before GC invocations=68 (full 0):
 garbage-first heap   total 317440K, used 278949K [0x0000000080000000, 0x0000000100000000)
  region size 1024K, 107 young (109568K), 16 survivors (16384K)
 Metaspace       used 125688K, committed 127808K, reserved 1179648K
  class space    used 18039K, committed 19072K, reserved 1048576K
}
Event: 51.679 GC heap after
{Heap after GC invocations=69 (full 0):
 garbage-first heap   total 317440K, used 202752K [0x0000000080000000, 0x0000000100000000)
  region size 1024K, 14 young (14336K), 14 survivors (14336K)
 Metaspace       used 125688K, committed 127808K, reserved 1179648K
  class space    used 18039K, committed 19072K, reserved 1048576K
}
Event: 54.137 GC heap before
{Heap before GC invocations=69 (full 0):
 garbage-first heap   total 317440K, used 283648K [0x0000000080000000, 0x0000000100000000)
  region size 1024K, 94 young (96256K), 14 survivors (14336K)
 Metaspace       used 130479K, committed 132672K, reserved 1179648K
  class space    used 18729K, committed 19776K, reserved 1048576K
}
Event: 54.158 GC heap after
{Heap after GC invocations=70 (full 0):
 garbage-first heap   total 317440K, used 206848K [0x0000000080000000, 0x0000000100000000)
  region size 1024K, 3 young (3072K), 3 survivors (3072K)
 Metaspace       used 130479K, committed 132672K, reserved 1179648K
  class space    used 18729K, committed 19776K, reserved 1048576K
}
Event: 55.513 GC heap before
{Heap before GC invocations=71 (full 0):
 garbage-first heap   total 345088K, used 288768K [0x0000000080000000, 0x0000000100000000)
  region size 1024K, 84 young (86016K), 3 survivors (3072K)
 Metaspace       used 131169K, committed 133376K, reserved 1179648K
  class space    used 18775K, committed 19840K, reserved 1048576K
}
Event: 55.518 GC heap after
{Heap after GC invocations=72 (full 0):
 garbage-first heap   total 345088K, used 205812K [0x0000000080000000, 0x0000000100000000)
  region size 1024K, 2 young (2048K), 2 survivors (2048K)
 Metaspace       used 131169K, committed 133376K, reserved 1179648K
  class space    used 18775K, committed 19840K, reserved 1048576K
}
Event: 56.703 GC heap before
{Heap before GC invocations=72 (full 0):
 garbage-first heap   total 345088K, used 315380K [0x0000000080000000, 0x0000000100000000)
  region size 1024K, 109 young (111616K), 2 survivors (2048K)
 Metaspace       used 131426K, committed 133568K, reserved 1179648K
  class space    used 18788K, committed 19840K, reserved 1048576K
}
Event: 56.712 GC heap after
{Heap after GC invocations=73 (full 0):
 garbage-first heap   total 345088K, used 203845K [0x0000000080000000, 0x0000000100000000)
  region size 1024K, 3 young (3072K), 3 survivors (3072K)
 Metaspace       used 131426K, committed 133568K, reserved 1179648K
  class space    used 18788K, committed 19840K, reserved 1048576K
}
Event: 57.726 GC heap before
{Heap before GC invocations=73 (full 0):
 garbage-first heap   total 345088K, used 318533K [0x0000000080000000, 0x0000000100000000)
  region size 1024K, 115 young (117760K), 3 survivors (3072K)
 Metaspace       used 131690K, committed 133888K, reserved 1179648K
  class space    used 18826K, committed 19904K, reserved 1048576K
}
Event: 57.733 GC heap after
{Heap after GC invocations=74 (full 0):
 garbage-first heap   total 345088K, used 205555K [0x0000000080000000, 0x0000000100000000)
  region size 1024K, 4 young (4096K), 4 survivors (4096K)
 Metaspace       used 131690K, committed 133888K, reserved 1179648K
  class space    used 18826K, committed 19904K, reserved 1048576K
}
Event: 58.813 GC heap before
{Heap before GC invocations=75 (full 0):
 garbage-first heap   total 345088K, used 323315K [0x0000000080000000, 0x0000000100000000)
  region size 1024K, 120 young (122880K), 4 survivors (4096K)
 Metaspace       used 131732K, committed 133888K, reserved 1179648K
  class space    used 18826K, committed 19904K, reserved 1048576K
}
Event: 58.820 GC heap after
{Heap after GC invocations=76 (full 0):
 garbage-first heap   total 345088K, used 204985K [0x0000000080000000, 0x0000000100000000)
  region size 1024K, 4 young (4096K), 4 survivors (4096K)
 Metaspace       used 131732K, committed 133888K, reserved 1179648K
  class space    used 18826K, committed 19904K, reserved 1048576K
}
Event: 59.893 GC heap before
{Heap before GC invocations=76 (full 0):
 garbage-first heap   total 345088K, used 325817K [0x0000000080000000, 0x0000000100000000)
  region size 1024K, 122 young (124928K), 4 survivors (4096K)
 Metaspace       used 131779K, committed 133952K, reserved 1179648K
  class space    used 18831K, committed 19904K, reserved 1048576K
}
Event: 59.902 GC heap after
{Heap after GC invocations=77 (full 0):
 garbage-first heap   total 345088K, used 204938K [0x0000000080000000, 0x0000000100000000)
  region size 1024K, 4 young (4096K), 4 survivors (4096K)
 Metaspace       used 131779K, committed 133952K, reserved 1179648K
  class space    used 18831K, committed 19904K, reserved 1048576K
}
Event: 60.677 GC heap before
{Heap before GC invocations=77 (full 0):
 garbage-first heap   total 345088K, used 324746K [0x0000000080000000, 0x0000000100000000)
  region size 1024K, 122 young (124928K), 4 survivors (4096K)
 Metaspace       used 131802K, committed 133952K, reserved 1179648K
  class space    used 18831K, committed 19904K, reserved 1048576K
}
Event: 60.686 GC heap after
{Heap after GC invocations=78 (full 0):
 garbage-first heap   total 345088K, used 203928K [0x0000000080000000, 0x0000000100000000)
  region size 1024K, 5 young (5120K), 5 survivors (5120K)
 Metaspace       used 131802K, committed 133952K, reserved 1179648K
  class space    used 18831K, committed 19904K, reserved 1048576K
}
Event: 61.652 GC heap before
{Heap before GC invocations=78 (full 0):
 garbage-first heap   total 345088K, used 325784K [0x0000000080000000, 0x0000000100000000)
  region size 1024K, 124 young (126976K), 5 survivors (5120K)
 Metaspace       used 131844K, committed 134016K, reserved 1179648K
  class space    used 18833K, committed 19904K, reserved 1048576K
}
Event: 61.662 GC heap after
{Heap after GC invocations=79 (full 0):
 garbage-first heap   total 345088K, used 204534K [0x0000000080000000, 0x0000000100000000)
  region size 1024K, 6 young (6144K), 6 survivors (6144K)
 Metaspace       used 131844K, committed 134016K, reserved 1179648K
  class space    used 18833K, committed 19904K, reserved 1048576K
}
Event: 62.432 GC heap before
{Heap before GC invocations=80 (full 0):
 garbage-first heap   total 345088K, used 325366K [0x0000000080000000, 0x0000000100000000)
  region size 1024K, 124 young (126976K), 6 survivors (6144K)
 Metaspace       used 131878K, committed 134080K, reserved 1179648K
  class space    used 18833K, committed 19904K, reserved 1048576K
}
Event: 62.443 GC heap after
{Heap after GC invocations=81 (full 0):
 garbage-first heap   total 345088K, used 205323K [0x0000000080000000, 0x0000000100000000)
  region size 1024K, 6 young (6144K), 6 survivors (6144K)
 Metaspace       used 131878K, committed 134080K, reserved 1179648K
  class space    used 18833K, committed 19904K, reserved 1048576K
}

